2025-03-08 12:33:42,423 - __main__ - INFO - Инициализация базы данных...
2025-03-08 12:33:42,429 - __main__ - INFO - Запуск бота...
2025-03-08 20:33:12,963 - __main__ - INFO - Initializing database...
2025-03-08 20:33:13,722 - __main__ - INFO - Starting bot...
2025-03-08 20:38:38,024 - __main__ - INFO - Initializing database...
2025-03-08 20:38:38,025 - __main__ - INFO - Starting bot...
2025-03-08 20:43:43,897 - __main__ - INFO - Initializing database...
2025-03-08 20:43:43,898 - __main__ - INFO - Starting bot...
2025-03-08 20:44:01,901 - TeleBot - ERROR - Threaded polling exception: A request to the Telegram API was unsuccessful. Error code: 400. Description: Bad Request: MESSAGE_TOO_LONG
2025-03-08 20:44:01,906 - TeleBot - ERROR - Exception traceback:
Traceback (most recent call last):
  File "e:\Projects\queue_bot\handlers.py", line 435, in handle_callback_query
    bot.edit_message_text(
    ~~~~~~~~~~~~~~~~~~~~~^
        chat_id=chat_id,
        ^^^^^^^^^^^^^^^^
    ...<3 lines>...
        reply_markup=keyboard
        ^^^^^^^^^^^^^^^^^^^^^
    )
    ^
  File "E:\Projects\queue_bot\.venv\Lib\site-packages\telebot\__init__.py", line 3839, in edit_message_text
    result = apihelper.edit_message_text(self.token, text, chat_id, message_id, inline_message_id, parse_mode,
                                         entities, disable_web_page_preview, reply_markup)
  File "E:\Projects\queue_bot\.venv\Lib\site-packages\telebot\apihelper.py", line 1327, in edit_message_text
    return _make_request(token, method_url, params=payload, method='post')
  File "E:\Projects\queue_bot\.venv\Lib\site-packages\telebot\apihelper.py", line 162, in _make_request
    json_result = _check_result(method_name, result)
  File "E:\Projects\queue_bot\.venv\Lib\site-packages\telebot\apihelper.py", line 189, in _check_result
    raise ApiTelegramException(method_name, result, result_json)
telebot.apihelper.ApiTelegramException: A request to the Telegram API was unsuccessful. Error code: 400. Description: Bad Request: message is not modified: specified new message content and reply markup are exactly the same as a current content and reply markup of the message

During handling of the above exception, another exception occurred:

Traceback (most recent call last):
  File "E:\Projects\queue_bot\.venv\Lib\site-packages\telebot\__init__.py", line 1074, in __threaded_polling
    self.worker_pool.raise_exceptions()
    ~~~~~~~~~~~~~~~~~~~~~~~~~~~~~~~~~^^
  File "E:\Projects\queue_bot\.venv\Lib\site-packages\telebot\util.py", line 147, in raise_exceptions
    raise self.exception_info
  File "E:\Projects\queue_bot\.venv\Lib\site-packages\telebot\util.py", line 90, in run
    task(*args, **kwargs)
    ~~~~^^^^^^^^^^^^^^^^^
  File "E:\Projects\queue_bot\.venv\Lib\site-packages\telebot\__init__.py", line 6801, in _run_middlewares_and_handler
    result = handler['function'](message)
  File "e:\Projects\queue_bot\handlers.py", line 447, in handle_callback_query
    bot.answer_callback_query(call.id, f"Произошла ошибка: {str(e)}")
    ~~~~~~~~~~~~~~~~~~~~~~~~~^^^^^^^^^^^^^^^^^^^^^^^^^^^^^^^^^^^^^^^^
  File "E:\Projects\queue_bot\.venv\Lib\site-packages\telebot\__init__.py", line 4634, in answer_callback_query
    return apihelper.answer_callback_query(self.token, callback_query_id, text, show_alert, url, cache_time)
           ~~~~~~~~~~~~~~~~~~~~~~~~~~~~~~~^^^^^^^^^^^^^^^^^^^^^^^^^^^^^^^^^^^^^^^^^^^^^^^^^^^^^^^^^^^^^^^^^^
  File "E:\Projects\queue_bot\.venv\Lib\site-packages\telebot\apihelper.py", line 1625, in answer_callback_query
    return _make_request(token, method_url, params=payload, method='post')
  File "E:\Projects\queue_bot\.venv\Lib\site-packages\telebot\apihelper.py", line 162, in _make_request
    json_result = _check_result(method_name, result)
  File "E:\Projects\queue_bot\.venv\Lib\site-packages\telebot\apihelper.py", line 189, in _check_result
    raise ApiTelegramException(method_name, result, result_json)
telebot.apihelper.ApiTelegramException: A request to the Telegram API was unsuccessful. Error code: 400. Description: Bad Request: MESSAGE_TOO_LONG

2025-03-08 20:47:12,376 - __main__ - INFO - Initializing database...
2025-03-08 20:47:12,378 - __main__ - INFO - Starting bot...
